<?xml version="1.0" encoding="UTF-8"?>
<testsuite name="com.example.project.TestUser" tests="2" skipped="0" failures="0" errors="0" timestamp="2025-01-16T14:27:33" hostname="codespaces-0779e3" time="0.159">
  <properties/>
  <testcase name="testUserConstructor()" classname="com.example.project.TestUser" time="0.142"/>
  <testcase name="testUserInfo()" classname="com.example.project.TestUser" time="0.013"/>
  <system-out><![CDATA[]]></system-out>
  <system-err><![CDATA[]]></system-err>
</testsuite>
